Started at Mon Jan 02 20:27:22 UTC 2023
Processing DevOps_is_great
Offering DevOps_is_great to Project Build Discarder
Finished at Mon Jan 02 20:27:22 UTC 2023. 47ms
Started at Mon Jan 02 21:27:18 UTC 2023
Processing DevOps_is_great
Offering DevOps_is_great to Project Build Discarder
Processing devOpsB
Offering devOpsB to Project Build Discarder
Processing benny/benny
Offering benny/benny to Project Build Discarder
Processing benny/main
Offering benny/main to Project Build Discarder
Finished at Mon Jan 02 21:27:18 UTC 2023. 19ms
Started at Mon Jan 02 22:27:14 UTC 2023
Processing DevOps_is_great
Offering DevOps_is_great to Project Build Discarder
Processing devOpsB
Offering devOpsB to Project Build Discarder
Processing trigger
Offering trigger to Project Build Discarder
Processing trigger-PR
Offering trigger-PR to Project Build Discarder
Processing benny/benny
Offering benny/benny to Project Build Discarder
Processing benny/main
Offering benny/main to Project Build Discarder
Finished at Mon Jan 02 22:27:14 UTC 2023. 28ms
