Started
[Mon Jan 02 21:00:53 UTC 2023] Starting branch indexing...
[8mha:////4AVxWSh1cSEsclVmECwIgTwdIkLpxO2zj1x1SoocRCmWAAAAhB+LCAAAAAAAAP9b85aBtbiIwSa/KF0vKzUvOzOvODlTryCnNB3I0kvPLMkoTYpPKkrMS86IL84vLUpO1XPPLPEoTXLOzyvOz0n1yy9JZYAARiYGRi8GzpLM3NTiksTcgooiBqmM0pTi/Dy9ZIhiPayaGCoKgHRriWdLAABSkb/3jgAAAA==[0mConnecting to https://api.github.com with no credentials, anonymous access
Examining [8mha:////4MGBx0hwa+BVk621ODizpeoa1wTSSXGpnb68N9kBAf3NAAAAqx+LCAAAAAAAAP9djLENwjAQRY8gGIAOxAgo7ihAqWhAimgYADlwshPM2TpfULIGa0DDEIzDDgSl4zX/Nf89PzCKDHNbn6On9OQpeofptg3IrqTL3gsus8cru4d3AskOxg7JiM1hWLMTmOSVvmnlNBl1EC7JrBuG2V9u0+8vBj2DBKAJnUwFFlYkxJVSphRbF93rqgokatmLIBXIRll9DK1YT1/TR1DDsQAAAA==[0mbennyrottenberg/ha_python

  Checking branches...

  Getting remote branches...

    Checking branch [8mha:////4M+eK9sp5ekXgrXWohmy1viayk/brPJkW28J3rGo2vopAAAAsR+LCAAAAAAAAP9djL0NwjAQRo/wMwAlYoZclwKUigakiIYBkAMnO+CcLfuCkjVYAxqGYBx2ICgdr/le873nB6YxwNI05+g4PTmOzlK67TwFW/F174Sy/PHK7/6dQLKDmSXWYgoYN8EKzIuLuim0ijUeJFSs122AxV9uM+wvBgOjBKD1vUwEMiPi4wpRV2Kasn/VWBJzF5wIcUlBo1FH34lxjBKIsFYVfwEcIT7QuwAAAA==[0mmain
      ‘Jenkinsfile’ found
    Met criteria
No changes detected: main (still at 712aef986f1db73414ed9b730610abf407d7c386)

    Checking branch [8mha:////4DbscFniXhOv42AUeUAgmpbPgyTUaC+j2Qs5vGs2sVrLAAAAsB+LCAAAAAAAAP9djLENwjAQRY+gMAAlYoa4AwmUigakiIYBkAMnO8GcrfMFJWuwBjQMwTjsQFA6fvO/9PTf8wNpZJjb5hw9ZSdP0TvMtl1AdhVd9l5wkT9e+T28E0h2MHFIRmwB44adwLSo9U0rp8mog3BFZt0yzP50m6F/MhgySgDa0I9UYGlFQlwpZSqxTdm/rqpEoo69CFKJbJTVx9CJ9aSEEQf8BV5ErpO8AAAA[0mbenny
      ‘Jenkinsfile’ found
    Met criteria
No changes detected: benny (still at 712aef986f1db73414ed9b730610abf407d7c386)

  2 branches were processed

  Checking pull-requests...

  Getting remote pull requests...

  0 pull requests were processed

Finished examining bennyrottenberg/ha_python

[Mon Jan 02 21:00:54 UTC 2023] Finished branch indexing. Indexing took 1.6 sec
Finished: SUCCESS
