Started on Jan 2, 2023, 10:43:49 PM
Using strategy: Default
[poll] Last Built Revision: Revision 00b2d280c44aca37b37105206902fcd95ad33cce (refs/remotes/origin/main)
Selected Git installation does not exist. Using Default
The recommended git tool is: NONE
No credentials specified
 > git --version # timeout=10
 > git --version # 'git version 2.30.2'
 > git ls-remote -h -- https://github.com/bennyrottenberg/ha_python # timeout=10
Found 2 remote heads on https://github.com/bennyrottenberg/ha_python
[poll] Latest remote head revision on refs/heads/main is: 00b2d280c44aca37b37105206902fcd95ad33cce - already built by 3
Using strategy: Default
[poll] Last Built Revision: Revision 00b2d280c44aca37b37105206902fcd95ad33cce (refs/remotes/origin/main)
Selected Git installation does not exist. Using Default
The recommended git tool is: NONE
Warning: CredentialId "git_token" could not be found.
 > git --version # timeout=10
 > git --version # 'git version 2.30.2'
 > git ls-remote -h -- https://github.com/bennyrottenberg/ha_python # timeout=10
Found 2 remote heads on https://github.com/bennyrottenberg/ha_python
[poll] Latest remote head revision on refs/heads/main is: 00b2d280c44aca37b37105206902fcd95ad33cce - already built by 3
Done. Took 1.3 sec
No changes
